Arguments: 
  /Users/tEErohr/.nvm/versions/node/v9.7.1/bin/node /Users/tEErohr/.nvm/versions/node/v9.7.1/bin/yarn add @types/nodemon

PATH: 
  /Users/tEErohr/.nvm/versions/node/v9.7.1/bin:/usr/local/mysql/bin:/usr/local/sbin:/Users/tEErohr/.rvm/gems/ruby-1.9.3-p484/bin:/Users/tEErohr/.rvm/gems/ruby-1.9.3-p484@global/bin:/Users/tEErohr/.rvm/rubies/ruby-1.9.3-p484/bin:/usr/local/bin:/usr/bin:/bin:/usr/sbin:/sbin:/opt/X11/bin:/usr/local/git/bin:/usr/local/go/bin:/Library/Frameworks/Mono.framework/Versions/Current/Commands:/Library/TeX/texbin:/Users/tEErohr/.rvm/bin:/Users/tEErohr/.rvm/bin:/Volumes/Macintosh HD 2/Development/Projects/CommandLib/teelib/bin:/Users/tEErohr/Projects/go/bin:/usr/local/opt/libwebp/bin

Yarn version: 
  1.7.0

Node version: 
  9.7.1

Platform: 
  darwin x64

Trace: 
  Error: https://registry.yarnpkg.com/@types%2fnodemon: Not found
      at Request.params.callback [as _callback] (/Users/tEErohr/.nvm/versions/node/v9.7.1/lib/node_modules/yarn/lib/cli.js:65656:18)
      at Request.self.callback (/Users/tEErohr/.nvm/versions/node/v9.7.1/lib/node_modules/yarn/lib/cli.js:134675:22)
      at Request.emit (events.js:127:13)
      at Request.<anonymous> (/Users/tEErohr/.nvm/versions/node/v9.7.1/lib/node_modules/yarn/lib/cli.js:135658:10)
      at Request.emit (events.js:127:13)
      at IncomingMessage.<anonymous> (/Users/tEErohr/.nvm/versions/node/v9.7.1/lib/node_modules/yarn/lib/cli.js:135578:12)
      at Object.onceWrapper (events.js:219:13)
      at IncomingMessage.emit (events.js:132:15)
      at endReadableNT (_stream_readable.js:1101:12)
      at process._tickCallback (internal/process/next_tick.js:114:19)

npm manifest: 
  {
    "name": "npm-sync",
    "version": "0.1.0",
    "description": "cli tool to sync packages in development projects",
    "main": "./src/module",
    "typings": "./src/module.ts",
    "bin": {
      "npm-sync": "./release/cli.js",
      "npm-sync-package": "./bin/sync-package.sh"
    },
    "scripts": {
      "test:diff": "ts-mocha ./src/merge/*.spec.ts",
      "test:diff:watch": "./scripts/watch.sh test:diff",
      "test": "ts-mocha ./src/**/*.spec.ts",
      "test:watch": "./scripts/watch.sh test",
      "build:watch": "./scripts/watch.sh build",
      "lint": "tslint ./src/**/*.ts ./test/**/*.ts",
      "clean:release": "rm -rf ./release",
      "mv:build:release": "mv ./build ./release",
      "prebuild": "npm run clean:release",
      "build": "npm run build:ts",
      "postbuild": "chmod +x ./release/cli.js",
      "build:release": "NODE_ENV=production ./scripts/run_all.sh build:ts clean:release mv:build:release",
      "build:release:watch": "./scripts/watch.sh build:release",
      "build:ts": "tsc -p tsconfig.release.json"
    },
    "devDependencies": {
      "@types/chai": "^4.0.1",
      "@types/mocha": "^2.2.41",
      "@types/node": "^8.0.9",
      "chai": "^4.0.2",
      "mocha": "^3.4.2",
      "nodemon": "^1.11.0",
      "ts-mocha": "^1.0.3",
      "ts-node": "^3.2.0",
      "tslint": "^5.5.0",
      "typescript": "^2.4.1"
    },
    "dependencies": {
      "@types/diff": "^3.5.1",
      "@types/rsync": "^0.4.29",
      "@types/yargs": "^10.0.1",
      "diff": "^3.5.0",
      "nodemon": "^1.12.1",
      "rsync": "^0.6.1",
      "rxjs": "^5.5.6",
      "yargs": "^10.1.1"
    },
    "repository": {
      "type": "git",
      "url": "git@dergoldenefoehn.de:/opt/git/npm-sync.git"
    },
    "keywords": [],
    "author": "Matthias Buchholz <mb@averagejoe.de>",
    "license": "ISC"
  }

yarn manifest: 
  No manifest

Lockfile: 
  No lockfile
